--------------------------------------------------------------------------------
Release 13.3 Trace  (nt64)
Copyright (c) 1995-2011 Xilinx, Inc.  All rights reserved.

C:\Xilinx\13.3\ISE_DS\ISE\bin\nt64\unwrapped\trce.exe -intstyle ise -v 3 -s 3
-n 3 -fastpaths -xml Full_add.twx Full_add.ncd -o Full_add.twr Full_add.pcf
-ucf Full_add.ucf

Design file:              Full_add.ncd
Physical constraint file: Full_add.pcf
Device,package,speed:     xc6slx16,csg324,C,-3 (PRODUCTION 1.20 2011-10-03)
Report level:             verbose report

Environment Variable      Effect 
--------------------      ------ 
NONE                      No environment variables were set
--------------------------------------------------------------------------------

INFO:Timing:2698 - No timing constraints found, doing default enumeration.
INFO:Timing:2752 - To get complete path coverage, use the unconstrained paths 
   option. All paths that are not constrained will be reported in the 
   unconstrained paths section(s) of the report.
INFO:Timing:3339 - The clock-to-out numbers in this timing report are based on 
   a 50 Ohm transmission line loading model.  For the details of this model, 
   and for more information on accounting for different loading conditions, 
   please see the device datasheet.



Data Sheet report:
-----------------
All values displayed in nanoseconds (ns)

Pad to Pad
---------------+---------------+---------+
Source Pad     |Destination Pad|  Delay  |
---------------+---------------+---------+
a              |c_out          |   11.410|
a              |sum            |   11.777|
b              |c_out          |   10.531|
b              |sum            |   10.898|
c_in           |c_out          |   10.431|
c_in           |sum            |   10.798|
---------------+---------------+---------+


Analysis completed Fri Sep 28 13:54:26 2012 
--------------------------------------------------------------------------------

Trace Settings:
-------------------------
Trace Settings 

Peak Memory Usage: 213 MB



