Release 13.3 - xst O.76xd (nt64)
Copyright (c) 1995-2011 Xilinx, Inc.  All rights reserved.
--> Parameter TMPDIR set to xst/projnav.tmp


Total REAL time to Xst completion: 0.00 secs
Total CPU time to Xst completion: 0.14 secs
 
--> Parameter xsthdpdir set to xst


Total REAL time to Xst completion: 0.00 secs
Total CPU time to Xst completion: 0.14 secs
 
--> Reading design: multi_4by4_struct.prj

TABLE OF CONTENTS
  1) Synthesis Options Summary
  2) HDL Parsing
  3) HDL Elaboration
  4) HDL Synthesis
       4.1) HDL Synthesis Report
  5) Advanced HDL Synthesis
       5.1) Advanced HDL Synthesis Report
  6) Low Level Synthesis
  7) Partition Report
  8) Design Summary
       8.1) Primitive and Black Box Usage
       8.2) Device utilization summary
       8.3) Partition Resource Summary
       8.4) Timing Report
            8.4.1) Clock Information
            8.4.2) Asynchronous Control Signals Information
            8.4.3) Timing Summary
            8.4.4) Timing Details
            8.4.5) Cross Clock Domains Report


=========================================================================
*                      Synthesis Options Summary                        *
=========================================================================
---- Source Parameters
Input File Name                    : "multi_4by4_struct.prj"
Ignore Synthesis Constraint File   : NO

---- Target Parameters
Output File Name                   : "multi_4by4_struct"
Output Format                      : NGC
Target Device                      : xc6slx16-3-csg324

---- Source Options
Top Module Name                    : multi_4by4_struct
Automatic FSM Extraction           : YES
FSM Encoding Algorithm             : Auto
Safe Implementation                : No
FSM Style                          : LUT
RAM Extraction                     : Yes
RAM Style                          : Auto
ROM Extraction                     : Yes
Shift Register Extraction          : YES
ROM Style                          : Auto
Resource Sharing                   : YES
Asynchronous To Synchronous        : NO
Shift Register Minimum Size        : 2
Use DSP Block                      : Auto
Automatic Register Balancing       : No

---- Target Options
LUT Combining                      : Auto
Reduce Control Sets                : Auto
Add IO Buffers                     : YES
Global Maximum Fanout              : 100000
Add Generic Clock Buffer(BUFG)     : 16
Register Duplication               : YES
Optimize Instantiated Primitives   : NO
Use Clock Enable                   : Auto
Use Synchronous Set                : Auto
Use Synchronous Reset              : Auto
Pack IO Registers into IOBs        : Auto
Equivalent register Removal        : YES

---- General Options
Optimization Goal                  : Speed
Optimization Effort                : 1
Power Reduction                    : NO
Keep Hierarchy                     : No
Netlist Hierarchy                  : As_Optimized
RTL Output                         : Yes
Global Optimization                : AllClockNets
Read Cores                         : YES
Write Timing Constraints           : NO
Cross Clock Analysis               : NO
Hierarchy Separator                : /
Bus Delimiter                      : <>
Case Specifier                     : Maintain
Slice Utilization Ratio            : 100
BRAM Utilization Ratio             : 100
DSP48 Utilization Ratio            : 100
Auto BRAM Packing                  : NO
Slice Utilization Ratio Delta      : 5

=========================================================================


=========================================================================
*                          HDL Parsing                                  *
=========================================================================
Analyzing Verilog file "\\ad\eng\users\r\u\rushimg\Ec551_Lab1\Add_half_0_delay.v" into library work
Parsing module <Add_half_0_delay>.
Analyzing Verilog file "\\ad\eng\users\r\u\rushimg\Ec551_Lab1\Full_add.v" into library work
Parsing module <Full_add>.
Analyzing Verilog file "\\ad\eng\users\r\u\rushimg\Ec551_Lab1\multi_5b.v" into library work
Parsing module <multi_5b>.
Analyzing Verilog file "\\ad\eng\users\r\u\rushimg\Ec551_Lab1\multi_5A.v" into library work
Parsing module <multi_5A>.
Analyzing Verilog file "\\ad\eng\users\r\u\rushimg\Ec551_Lab1\multi_4by4_struct.v" into library work
Parsing module <multi_4by4_struct>.

=========================================================================
*                            HDL Elaboration                            *
=========================================================================

Elaborating module <multi_4by4_struct>.

Elaborating module <multi_5b>.

Elaborating module <Full_add>.

Elaborating module <Add_half_0_delay>.
WARNING:HDLCompiler:1127 - "\\ad\eng\users\r\u\rushimg\Ec551_Lab1\multi_4by4_struct.v" Line 41: Assignment to q0out4 ignored, since the identifier is never used

Elaborating module <multi_5A>.
WARNING:HDLCompiler:1127 - "\\ad\eng\users\r\u\rushimg\Ec551_Lab1\multi_4by4_struct.v" Line 50: Assignment to diag_8 ignored, since the identifier is never used
WARNING:HDLCompiler:1127 - "\\ad\eng\users\r\u\rushimg\Ec551_Lab1\multi_4by4_struct.v" Line 53: Assignment to diag_9 ignored, since the identifier is never used
WARNING:HDLCompiler:1127 - "\\ad\eng\users\r\u\rushimg\Ec551_Lab1\multi_4by4_struct.v" Line 55: Assignment to diag_10 ignored, since the identifier is never used
WARNING:HDLCompiler:1127 - "\\ad\eng\users\r\u\rushimg\Ec551_Lab1\multi_4by4_struct.v" Line 57: Assignment to c_out11 ignored, since the identifier is never used
WARNING:HDLCompiler:1127 - "\\ad\eng\users\r\u\rushimg\Ec551_Lab1\multi_4by4_struct.v" Line 59: Assignment to diag_12 ignored, since the identifier is never used

=========================================================================
*                           HDL Synthesis                               *
=========================================================================

Synthesizing Unit <multi_4by4_struct>.
    Related source file is "//ad/eng/users/r/u/rushimg/ec551_lab1/multi_4by4_struct.v".
INFO:Xst:3210 - "//ad/eng/users/r/u/rushimg/ec551_lab1/multi_4by4_struct.v" line 41: Output port <q0_out> of the instance <B14> is unconnected or connected to loadless signal.
INFO:Xst:3210 - "//ad/eng/users/r/u/rushimg/ec551_lab1/multi_4by4_struct.v" line 41: Output port <q1_out> of the instance <B14> is unconnected or connected to loadless signal.
INFO:Xst:3210 - "//ad/eng/users/r/u/rushimg/ec551_lab1/multi_4by4_struct.v" line 50: Output port <mk_out> of the instance <A24> is unconnected or connected to loadless signal.
INFO:Xst:3210 - "//ad/eng/users/r/u/rushimg/ec551_lab1/multi_4by4_struct.v" line 50: Output port <qj_out> of the instance <A24> is unconnected or connected to loadless signal.
INFO:Xst:3210 - "//ad/eng/users/r/u/rushimg/ec551_lab1/multi_4by4_struct.v" line 53: Output port <mk_out> of the instance <A31> is unconnected or connected to loadless signal.
INFO:Xst:3210 - "//ad/eng/users/r/u/rushimg/ec551_lab1/multi_4by4_struct.v" line 55: Output port <mk_out> of the instance <A32> is unconnected or connected to loadless signal.
INFO:Xst:3210 - "//ad/eng/users/r/u/rushimg/ec551_lab1/multi_4by4_struct.v" line 57: Output port <c_out> of the instance <A33> is unconnected or connected to loadless signal.
INFO:Xst:3210 - "//ad/eng/users/r/u/rushimg/ec551_lab1/multi_4by4_struct.v" line 57: Output port <mk_out> of the instance <A33> is unconnected or connected to loadless signal.
INFO:Xst:3210 - "//ad/eng/users/r/u/rushimg/ec551_lab1/multi_4by4_struct.v" line 59: Output port <mk_out> of the instance <A34> is unconnected or connected to loadless signal.
INFO:Xst:3210 - "//ad/eng/users/r/u/rushimg/ec551_lab1/multi_4by4_struct.v" line 59: Output port <qj_out> of the instance <A34> is unconnected or connected to loadless signal.
    Summary:
	no macro.
Unit <multi_4by4_struct> synthesized.

Synthesizing Unit <multi_5b>.
    Related source file is "//ad/eng/users/r/u/rushimg/ec551_lab1/multi_5b.v".
    Summary:
	no macro.
Unit <multi_5b> synthesized.

Synthesizing Unit <Full_add>.
    Related source file is "//ad/eng/users/r/u/rushimg/ec551_lab1/full_add.v".
    Summary:
	no macro.
Unit <Full_add> synthesized.

Synthesizing Unit <Add_half_0_delay>.
    Related source file is "//ad/eng/users/r/u/rushimg/ec551_lab1/add_half_0_delay.v".
    Summary:
Unit <Add_half_0_delay> synthesized.

Synthesizing Unit <multi_5A>.
    Related source file is "//ad/eng/users/r/u/rushimg/ec551_lab1/multi_5a.v".
    Summary:
	no macro.
Unit <multi_5A> synthesized.

=========================================================================
HDL Synthesis Report

Macro Statistics
# Xors                                                 : 24
 1-bit xor2                                            : 24

=========================================================================

=========================================================================
*                       Advanced HDL Synthesis                          *
=========================================================================


=========================================================================
Advanced HDL Synthesis Report

Macro Statistics
# Xors                                                 : 24
 1-bit xor2                                            : 24

=========================================================================

=========================================================================
*                         Low Level Synthesis                           *
=========================================================================

Optimizing unit <multi_4by4_struct> ...

Mapping all equations...
Building and optimizing final netlist ...
Found area constraint ratio of 100 (+ 5) on block multi_4by4_struct, actual ratio is 0.

Final Macro Processing ...

=========================================================================
Final Register Report

Found no macro
=========================================================================

=========================================================================
*                           Partition Report                            *
=========================================================================

Partition Implementation Status
-------------------------------

  No Partitions were found in this design.

-------------------------------

=========================================================================
*                            Design Summary                             *
=========================================================================

Top Level Output File Name         : multi_4by4_struct.ngc

Primitive and Black Box Usage:
------------------------------
# BELS                             : 17
#      LUT2                        : 1
#      LUT4                        : 4
#      LUT5                        : 2
#      LUT6                        : 10
# IO Buffers                       : 16
#      IBUF                        : 8
#      OBUF                        : 8

Device utilization summary:
---------------------------

Selected Device : 6slx16csg324-3 


Slice Logic Utilization: 
 Number of Slice LUTs:                   17  out of   9112     0%  
    Number used as Logic:                17  out of   9112     0%  

Slice Logic Distribution: 
 Number of LUT Flip Flop pairs used:     17
   Number with an unused Flip Flop:      17  out of     17   100%  
   Number with an unused LUT:             0  out of     17     0%  
   Number of fully used LUT-FF pairs:     0  out of     17     0%  
   Number of unique control sets:         0

IO Utilization: 
 Number of IOs:                          16
 Number of bonded IOBs:                  16  out of    232     6%  

Specific Feature Utilization:

---------------------------
Partition Resource Summary:
---------------------------

  No Partitions were found in this design.

---------------------------


=========================================================================
Timing Report

NOTE: THESE TIMING NUMBERS ARE ONLY A SYNTHESIS ESTIMATE.
      FOR ACCURATE TIMING INFORMATION PLEASE REFER TO THE TRACE REPORT
      GENERATED AFTER PLACE-and-ROUTE.

Clock Information:
------------------
No clock signals found in this design

Asynchronous Control Signals Information:
----------------------------------------
No asynchronous control signals found in this design

Timing Summary:
---------------
Speed Grade: -3

   Minimum period: No path found
   Minimum input arrival time before clock: No path found
   Maximum output required time after clock: No path found
   Maximum combinational path delay: 9.063ns

Timing Details:
---------------
All values displayed in nanoseconds (ns)

=========================================================================
Timing constraint: Default path analysis
  Total number of paths / destination ports: 199 / 8
-------------------------------------------------------------------------
Delay:               9.063ns (Levels of Logic = 6)
  Source:            m<0> (PAD)
  Destination:       p<7> (PAD)

  Data Path: m<0> to p<7>
                                Gate     Net
    Cell:in->out      fanout   Delay   Delay  Logical Name (Net Name)
    ----------------------------------------  ------------
     IBUF:I->O            12   1.222   1.137  m_0_IBUF (m_0_IBUF)
     LUT6:I3->O            3   0.205   0.879  B13/F1/M2/Mxor_sum_xo<0>1 (p_out2)
     LUT5:I2->O            3   0.205   0.898  A22/F1/c_out1 (c_out6)
     LUT4:I0->O            2   0.203   0.961  A23/F1/c_out1 (c_out7)
     LUT6:I1->O            1   0.203   0.579  A34/F1/c_out1 (p_7_OBUF)
     OBUF:I->O                 2.571          p_7_OBUF (p<7>)
    ----------------------------------------
    Total                      9.063ns (4.609ns logic, 4.454ns route)
                                       (50.9% logic, 49.1% route)

=========================================================================

Cross Clock Domains Report:
--------------------------

=========================================================================


Total REAL time to Xst completion: 8.00 secs
Total CPU time to Xst completion: 8.06 secs
 
--> 

Total memory usage is 254372 kilobytes

Number of errors   :    0 (   0 filtered)
Number of warnings :    6 (   0 filtered)
Number of infos    :   10 (   0 filtered)

